{"C:\\Users\\Daksh\\OneDrive\\carterA++\\server.js": {"path":"C:\\Users\\Daksh\\OneDrive\\carterA++\\server.js","statementMap":{"0":{"start":{"line":2,"column":16},"end":{"line":2,"column":34}},"1":{"start":{"line":3,"column":17},"end":{"line":3,"column":36}},"2":{"start":{"line":4,"column":15},"end":{"line":4,"column":32}},"3":{"start":{"line":5,"column":15},"end":{"line":5,"column":32}},"4":{"start":{"line":6,"column":13},"end":{"line":6,"column":28}},"5":{"start":{"line":7,"column":30},"end":{"line":7,"column":62}},"6":{"start":{"line":8,"column":17},"end":{"line":8,"column":54}},"7":{"start":{"line":9,"column":21},"end":{"line":9,"column":62}},"8":{"start":{"line":10,"column":19},"end":{"line":10,"column":53}},"9":{"start":{"line":11,"column":20},"end":{"line":11,"column":55}},"10":{"start":{"line":12,"column":24},"end":{"line":12,"column":63}},"11":{"start":{"line":13,"column":22},"end":{"line":13,"column":59}},"12":{"start":{"line":14,"column":22},"end":{"line":14,"column":59}},"13":{"start":{"line":15,"column":24},"end":{"line":15,"column":63}},"14":{"start":{"line":16,"column":22},"end":{"line":16,"column":59}},"15":{"start":{"line":17,"column":25},"end":{"line":17,"column":65}},"16":{"start":{"line":18,"column":21},"end":{"line":18,"column":57}},"17":{"start":{"line":19,"column":11},"end":{"line":19,"column":24}},"18":{"start":{"line":20,"column":13},"end":{"line":20,"column":28}},"19":{"start":{"line":21,"column":15},"end":{"line":21,"column":32}},"20":{"start":{"line":22,"column":0},"end":{"line":22,"column":16}},"21":{"start":{"line":23,"column":19},"end":{"line":23,"column":62}},"22":{"start":{"line":24,"column":12},"end":{"line":24,"column":35}},"23":{"start":{"line":25,"column":15},"end":{"line":25,"column":32}},"24":{"start":{"line":26,"column":27},"end":{"line":26,"column":50}},"25":{"start":{"line":27,"column":12},"end":{"line":27,"column":21}},"26":{"start":{"line":30,"column":13},"end":{"line":30,"column":41}},"27":{"start":{"line":31,"column":16},"end":{"line":31,"column":47}},"28":{"start":{"line":32,"column":16},"end":{"line":32,"column":47}},"29":{"start":{"line":33,"column":18},"end":{"line":33,"column":51}},"30":{"start":{"line":34,"column":16},"end":{"line":34,"column":47}},"31":{"start":{"line":35,"column":18},"end":{"line":35,"column":51}},"32":{"start":{"line":36,"column":19},"end":{"line":36,"column":53}},"33":{"start":{"line":37,"column":14},"end":{"line":37,"column":43}},"34":{"start":{"line":38,"column":22},"end":{"line":38,"column":59}},"35":{"start":{"line":41,"column":15},"end":{"line":41,"column":43}},"36":{"start":{"line":42,"column":0},"end":{"line":44,"column":1}},"37":{"start":{"line":43,"column":2},"end":{"line":43,"column":23}},"38":{"start":{"line":46,"column":0},"end":{"line":46,"column":18}},"39":{"start":{"line":47,"column":0},"end":{"line":47,"column":23}},"40":{"start":{"line":48,"column":0},"end":{"line":48,"column":16}},"41":{"start":{"line":49,"column":0},"end":{"line":49,"column":24}},"42":{"start":{"line":52,"column":20},"end":{"line":52,"column":73}},"43":{"start":{"line":53,"column":0},"end":{"line":60,"column":3}},"44":{"start":{"line":54,"column":2},"end":{"line":59,"column":3}},"45":{"start":{"line":55,"column":4},"end":{"line":55,"column":38}},"46":{"start":{"line":56,"column":4},"end":{"line":56,"column":11}},"47":{"start":{"line":58,"column":4},"end":{"line":58,"column":75}},"48":{"start":{"line":63,"column":0},"end":{"line":63,"column":37}},"49":{"start":{"line":64,"column":0},"end":{"line":64,"column":34}},"50":{"start":{"line":65,"column":0},"end":{"line":65,"column":36}},"51":{"start":{"line":66,"column":0},"end":{"line":66,"column":43}},"52":{"start":{"line":67,"column":0},"end":{"line":67,"column":40}},"53":{"start":{"line":68,"column":0},"end":{"line":68,"column":40}},"54":{"start":{"line":69,"column":0},"end":{"line":69,"column":44}},"55":{"start":{"line":70,"column":0},"end":{"line":70,"column":40}},"56":{"start":{"line":71,"column":0},"end":{"line":71,"column":46}},"57":{"start":{"line":74,"column":0},"end":{"line":74,"column":18}},"58":{"start":{"line":75,"column":0},"end":{"line":75,"column":22}},"59":{"start":{"line":78,"column":0},"end":{"line":88,"column":1}},"60":{"start":{"line":79,"column":2},"end":{"line":87,"column":7}},"61":{"start":{"line":81,"column":6},"end":{"line":83,"column":9}},"62":{"start":{"line":82,"column":8},"end":{"line":82,"column":54}},"63":{"start":{"line":86,"column":6},"end":{"line":86,"column":54}},"64":{"start":{"line":106,"column":0},"end":{"line":125,"column":3}},"65":{"start":{"line":107,"column":2},"end":{"line":124,"column":3}},"66":{"start":{"line":108,"column":18},"end":{"line":108,"column":40}},"67":{"start":{"line":109,"column":24},"end":{"line":120,"column":6}},"68":{"start":{"line":110,"column":22},"end":{"line":110,"column":45}},"69":{"start":{"line":111,"column":6},"end":{"line":113,"column":7}},"70":{"start":{"line":112,"column":8},"end":{"line":112,"column":59}},"71":{"start":{"line":115,"column":24},"end":{"line":115,"column":75}},"72":{"start":{"line":115,"column":51},"end":{"line":115,"column":71}},"73":{"start":{"line":116,"column":19},"end":{"line":116,"column":60}},"74":{"start":{"line":117,"column":23},"end":{"line":117,"column":39}},"75":{"start":{"line":118,"column":23},"end":{"line":118,"column":86}},"76":{"start":{"line":119,"column":6},"end":{"line":119,"column":51}},"77":{"start":{"line":121,"column":4},"end":{"line":121,"column":64}},"78":{"start":{"line":123,"column":4},"end":{"line":123,"column":114}},"79":{"start":{"line":128,"column":0},"end":{"line":148,"column":3}},"80":{"start":{"line":129,"column":2},"end":{"line":147,"column":3}},"81":{"start":{"line":130,"column":18},"end":{"line":130,"column":40}},"82":{"start":{"line":131,"column":19},"end":{"line":131,"column":21}},"83":{"start":{"line":132,"column":16},"end":{"line":132,"column":26}},"84":{"start":{"line":133,"column":4},"end":{"line":143,"column":5}},"85":{"start":{"line":134,"column":22},"end":{"line":134,"column":45}},"86":{"start":{"line":135,"column":6},"end":{"line":135,"column":53}},"87":{"start":{"line":135,"column":44},"end":{"line":135,"column":53}},"88":{"start":{"line":136,"column":24},"end":{"line":136,"column":75}},"89":{"start":{"line":136,"column":51},"end":{"line":136,"column":71}},"90":{"start":{"line":137,"column":19},"end":{"line":137,"column":33}},"91":{"start":{"line":138,"column":23},"end":{"line":138,"column":46}},"92":{"start":{"line":139,"column":23},"end":{"line":139,"column":74}},"93":{"start":{"line":140,"column":6},"end":{"line":142,"column":7}},"94":{"start":{"line":141,"column":8},"end":{"line":141,"column":116}},"95":{"start":{"line":144,"column":4},"end":{"line":144,"column":59}},"96":{"start":{"line":146,"column":4},"end":{"line":146,"column":117}},"97":{"start":{"line":156,"column":0},"end":{"line":169,"column":3}},"98":{"start":{"line":157,"column":2},"end":{"line":168,"column":3}},"99":{"start":{"line":158,"column":59},"end":{"line":158,"column":67}},"100":{"start":{"line":159,"column":20},"end":{"line":163,"column":5}},"101":{"start":{"line":164,"column":4},"end":{"line":164,"column":96}},"102":{"start":{"line":164,"column":18},"end":{"line":164,"column":96}},"103":{"start":{"line":165,"column":4},"end":{"line":165,"column":66}},"104":{"start":{"line":167,"column":4},"end":{"line":167,"column":111}},"105":{"start":{"line":173,"column":0},"end":{"line":184,"column":3}},"106":{"start":{"line":174,"column":2},"end":{"line":183,"column":3}},"107":{"start":{"line":175,"column":43},"end":{"line":175,"column":51}},"108":{"start":{"line":176,"column":4},"end":{"line":178,"column":5}},"109":{"start":{"line":177,"column":6},"end":{"line":177,"column":90}},"110":{"start":{"line":179,"column":18},"end":{"line":179,"column":72}},"111":{"start":{"line":180,"column":4},"end":{"line":180,"column":64}},"112":{"start":{"line":182,"column":4},"end":{"line":182,"column":111}},"113":{"start":{"line":186,"column":0},"end":{"line":197,"column":3}},"114":{"start":{"line":187,"column":2},"end":{"line":196,"column":3}},"115":{"start":{"line":188,"column":71},"end":{"line":188,"column":79}},"116":{"start":{"line":189,"column":4},"end":{"line":191,"column":5}},"117":{"start":{"line":190,"column":6},"end":{"line":190,"column":90}},"118":{"start":{"line":192,"column":20},"end":{"line":192,"column":100}},"119":{"start":{"line":193,"column":4},"end":{"line":193,"column":66}},"120":{"start":{"line":195,"column":4},"end":{"line":195,"column":108}},"121":{"start":{"line":199,"column":0},"end":{"line":249,"column":3}},"122":{"start":{"line":200,"column":2},"end":{"line":248,"column":3}},"123":{"start":{"line":201,"column":23},"end":{"line":201,"column":36}},"124":{"start":{"line":202,"column":21},"end":{"line":202,"column":58}},"125":{"start":{"line":203,"column":4},"end":{"line":205,"column":5}},"126":{"start":{"line":204,"column":6},"end":{"line":204,"column":85}},"127":{"start":{"line":208,"column":21},"end":{"line":208,"column":55}},"128":{"start":{"line":210,"column":21},"end":{"line":210,"column":55}},"129":{"start":{"line":212,"column":25},"end":{"line":212,"column":78}},"130":{"start":{"line":213,"column":26},"end":{"line":213,"column":80}},"131":{"start":{"line":215,"column":27},"end":{"line":215,"column":108}},"132":{"start":{"line":218,"column":22},"end":{"line":218,"column":68}},"133":{"start":{"line":218,"column":50},"end":{"line":218,"column":64}},"134":{"start":{"line":219,"column":25},"end":{"line":219,"column":52}},"135":{"start":{"line":221,"column":4},"end":{"line":245,"column":7}},"136":{"start":{"line":247,"column":4},"end":{"line":247,"column":119}},"137":{"start":{"line":257,"column":0},"end":{"line":257,"column":21}}},"fnMap":{"0":{"name":"(anonymous_0)","decl":{"start":{"line":53,"column":8},"end":{"line":53,"column":9}},"loc":{"start":{"line":53,"column":34},"end":{"line":60,"column":1}},"line":53},"1":{"name":"(anonymous_1)","decl":{"start":{"line":80,"column":10},"end":{"line":80,"column":11}},"loc":{"start":{"line":80,"column":16},"end":{"line":84,"column":5}},"line":80},"2":{"name":"(anonymous_2)","decl":{"start":{"line":81,"column":23},"end":{"line":81,"column":24}},"loc":{"start":{"line":81,"column":29},"end":{"line":83,"column":7}},"line":81},"3":{"name":"(anonymous_3)","decl":{"start":{"line":85,"column":11},"end":{"line":85,"column":12}},"loc":{"start":{"line":85,"column":18},"end":{"line":87,"column":5}},"line":85},"4":{"name":"(anonymous_4)","decl":{"start":{"line":106,"column":33},"end":{"line":106,"column":34}},"loc":{"start":{"line":106,"column":53},"end":{"line":125,"column":1}},"line":106},"5":{"name":"(anonymous_5)","decl":{"start":{"line":109,"column":34},"end":{"line":109,"column":35}},"loc":{"start":{"line":109,"column":42},"end":{"line":120,"column":5}},"line":109},"6":{"name":"(anonymous_6)","decl":{"start":{"line":115,"column":39},"end":{"line":115,"column":40}},"loc":{"start":{"line":115,"column":51},"end":{"line":115,"column":71}},"line":115},"7":{"name":"(anonymous_7)","decl":{"start":{"line":128,"column":29},"end":{"line":128,"column":30}},"loc":{"start":{"line":128,"column":49},"end":{"line":148,"column":1}},"line":128},"8":{"name":"(anonymous_8)","decl":{"start":{"line":136,"column":39},"end":{"line":136,"column":40}},"loc":{"start":{"line":136,"column":51},"end":{"line":136,"column":71}},"line":136},"9":{"name":"(anonymous_9)","decl":{"start":{"line":156,"column":24},"end":{"line":156,"column":25}},"loc":{"start":{"line":156,"column":44},"end":{"line":169,"column":1}},"line":156},"10":{"name":"(anonymous_10)","decl":{"start":{"line":173,"column":19},"end":{"line":173,"column":20}},"loc":{"start":{"line":173,"column":39},"end":{"line":184,"column":1}},"line":173},"11":{"name":"(anonymous_11)","decl":{"start":{"line":186,"column":21},"end":{"line":186,"column":22}},"loc":{"start":{"line":186,"column":41},"end":{"line":197,"column":1}},"line":186},"12":{"name":"(anonymous_12)","decl":{"start":{"line":199,"column":33},"end":{"line":199,"column":34}},"loc":{"start":{"line":199,"column":53},"end":{"line":249,"column":1}},"line":199},"13":{"name":"(anonymous_13)","decl":{"start":{"line":218,"column":38},"end":{"line":218,"column":39}},"loc":{"start":{"line":218,"column":50},"end":{"line":218,"column":64}},"line":218}},"branchMap":{"0":{"loc":{"start":{"line":23,"column":19},"end":{"line":23,"column":62}},"type":"binary-expr","locations":[{"start":{"line":23,"column":19},"end":{"line":23,"column":41}},{"start":{"line":23,"column":45},"end":{"line":23,"column":62}}],"line":23},"1":{"loc":{"start":{"line":42,"column":0},"end":{"line":44,"column":1}},"type":"if","locations":[{"start":{"line":42,"column":0},"end":{"line":44,"column":1}},{"start":{},"end":{}}],"line":42},"2":{"loc":{"start":{"line":78,"column":0},"end":{"line":88,"column":1}},"type":"if","locations":[{"start":{"line":78,"column":0},"end":{"line":88,"column":1}},{"start":{},"end":{}}],"line":78},"3":{"loc":{"start":{"line":111,"column":6},"end":{"line":113,"column":7}},"type":"if","locations":[{"start":{"line":111,"column":6},"end":{"line":113,"column":7}},{"start":{},"end":{}}],"line":111},"4":{"loc":{"start":{"line":111,"column":10},"end":{"line":111,"column":42}},"type":"binary-expr","locations":[{"start":{"line":111,"column":10},"end":{"line":111,"column":18}},{"start":{"line":111,"column":22},"end":{"line":111,"column":42}}],"line":111},"5":{"loc":{"start":{"line":116,"column":19},"end":{"line":116,"column":60}},"type":"cond-expr","locations":[{"start":{"line":116,"column":42},"end":{"line":116,"column":56}},{"start":{"line":116,"column":59},"end":{"line":116,"column":60}}],"line":116},"6":{"loc":{"start":{"line":118,"column":23},"end":{"line":118,"column":86}},"type":"cond-expr","locations":[{"start":{"line":118,"column":38},"end":{"line":118,"column":79}},{"start":{"line":118,"column":82},"end":{"line":118,"column":86}}],"line":118},"7":{"loc":{"start":{"line":135,"column":6},"end":{"line":135,"column":53}},"type":"if","locations":[{"start":{"line":135,"column":6},"end":{"line":135,"column":53}},{"start":{},"end":{}}],"line":135},"8":{"loc":{"start":{"line":135,"column":10},"end":{"line":135,"column":42}},"type":"binary-expr","locations":[{"start":{"line":135,"column":10},"end":{"line":135,"column":18}},{"start":{"line":135,"column":22},"end":{"line":135,"column":42}}],"line":135},"9":{"loc":{"start":{"line":138,"column":36},"end":{"line":138,"column":45}},"type":"binary-expr","locations":[{"start":{"line":138,"column":36},"end":{"line":138,"column":40}},{"start":{"line":138,"column":44},"end":{"line":138,"column":45}}],"line":138},"10":{"loc":{"start":{"line":139,"column":23},"end":{"line":139,"column":74}},"type":"cond-expr","locations":[{"start":{"line":139,"column":38},"end":{"line":139,"column":67}},{"start":{"line":139,"column":70},"end":{"line":139,"column":74}}],"line":139},"11":{"loc":{"start":{"line":140,"column":6},"end":{"line":142,"column":7}},"type":"if","locations":[{"start":{"line":140,"column":6},"end":{"line":142,"column":7}},{"start":{},"end":{}}],"line":140},"12":{"loc":{"start":{"line":140,"column":10},"end":{"line":140,"column":44}},"type":"binary-expr","locations":[{"start":{"line":140,"column":10},"end":{"line":140,"column":27}},{"start":{"line":140,"column":31},"end":{"line":140,"column":44}}],"line":140},"13":{"loc":{"start":{"line":164,"column":4},"end":{"line":164,"column":96}},"type":"if","locations":[{"start":{"line":164,"column":4},"end":{"line":164,"column":96}},{"start":{},"end":{}}],"line":164},"14":{"loc":{"start":{"line":176,"column":4},"end":{"line":178,"column":5}},"type":"if","locations":[{"start":{"line":176,"column":4},"end":{"line":178,"column":5}},{"start":{},"end":{}}],"line":176},"15":{"loc":{"start":{"line":176,"column":8},"end":{"line":176,"column":41}},"type":"binary-expr","locations":[{"start":{"line":176,"column":8},"end":{"line":176,"column":19}},{"start":{"line":176,"column":23},"end":{"line":176,"column":32}},{"start":{"line":176,"column":36},"end":{"line":176,"column":41}}],"line":176},"16":{"loc":{"start":{"line":189,"column":4},"end":{"line":191,"column":5}},"type":"if","locations":[{"start":{"line":189,"column":4},"end":{"line":191,"column":5}},{"start":{},"end":{}}],"line":189},"17":{"loc":{"start":{"line":189,"column":8},"end":{"line":189,"column":42}},"type":"binary-expr","locations":[{"start":{"line":189,"column":8},"end":{"line":189,"column":19}},{"start":{"line":189,"column":23},"end":{"line":189,"column":33}},{"start":{"line":189,"column":37},"end":{"line":189,"column":42}}],"line":189},"18":{"loc":{"start":{"line":203,"column":4},"end":{"line":205,"column":5}},"type":"if","locations":[{"start":{"line":203,"column":4},"end":{"line":205,"column":5}},{"start":{},"end":{}}],"line":203},"19":{"loc":{"start":{"line":219,"column":25},"end":{"line":219,"column":52}},"type":"binary-expr","locations":[{"start":{"line":219,"column":25},"end":{"line":219,"column":47}},{"start":{"line":219,"column":51},"end":{"line":219,"column":52}}],"line":219}},"s":{"0":1,"1":1,"2":1,"3":1,"4":1,"5":1,"6":1,"7":1,"8":1,"9":1,"10":1,"11":1,"12":1,"13":1,"14":1,"15":1,"16":1,"17":1,"18":1,"19":1,"20":1,"21":1,"22":1,"23":1,"24":1,"25":1,"26":1,"27":1,"28":1,"29":1,"30":1,"31":1,"32":1,"33":1,"34":1,"35":1,"36":1,"37":0,"38":1,"39":1,"40":1,"41":1,"42":1,"43":1,"44":17,"45":17,"46":17,"47":0,"48":1,"49":1,"50":1,"51":1,"52":1,"53":1,"54":1,"55":1,"56":1,"57":1,"58":1,"59":1,"60":0,"61":0,"62":0,"63":0,"64":1,"65":0,"66":0,"67":0,"68":0,"69":0,"70":0,"71":0,"72":0,"73":0,"74":0,"75":0,"76":0,"77":0,"78":0,"79":1,"80":0,"81":0,"82":0,"83":0,"84":0,"85":0,"86":0,"87":0,"88":0,"89":0,"90":0,"91":0,"92":0,"93":0,"94":0,"95":0,"96":0,"97":1,"98":0,"99":0,"100":0,"101":0,"102":0,"103":0,"104":0,"105":1,"106":0,"107":0,"108":0,"109":0,"110":0,"111":0,"112":0,"113":1,"114":0,"115":0,"116":0,"117":0,"118":0,"119":0,"120":0,"121":1,"122":0,"123":0,"124":0,"125":0,"126":0,"127":0,"128":0,"129":0,"130":0,"131":0,"132":0,"133":0,"134":0,"135":0,"136":0,"137":1},"f":{"0":17,"1":0,"2":0,"3":0,"4":0,"5":0,"6":0,"7":0,"8":0,"9":0,"10":0,"11":0,"12":0,"13":0},"b":{"0":[1,0],"1":[0,1],"2":[0,1],"3":[0,0],"4":[0,0],"5":[0,0],"6":[0,0],"7":[0,0],"8":[0,0],"9":[0,0],"10":[0,0],"11":[0,0],"12":[0,0],"13":[0,0],"14":[0,0],"15":[0,0,0],"16":[0,0],"17":[0,0,0],"18":[0,0],"19":[0,0]},"_coverageSchema":"1a1c01bbd47fc00a2c39e90264f33305004495a9","hash":"c4eced5dc60b994745d630e805270226a9ce183b"}
,"C:\\Users\\Daksh\\OneDrive\\carterA++\\src\\config\\index.js": {"path":"C:\\Users\\Daksh\\OneDrive\\carterA++\\src\\config\\index.js","statementMap":{"0":{"start":{"line":1,"column":15},"end":{"line":1,"column":32}},"1":{"start":{"line":2,"column":0},"end":{"line":2,"column":16}},"2":{"start":{"line":4,"column":0},"end":{"line":10,"column":2}}},"fnMap":{},"branchMap":{"0":{"loc":{"start":{"line":5,"column":8},"end":{"line":5,"column":32}},"type":"binary-expr","locations":[{"start":{"line":5,"column":8},"end":{"line":5,"column":24}},{"start":{"line":5,"column":28},"end":{"line":5,"column":32}}],"line":5},"1":{"loc":{"start":{"line":6,"column":12},"end":{"line":6,"column":75}},"type":"binary-expr","locations":[{"start":{"line":6,"column":12},"end":{"line":6,"column":33}},{"start":{"line":6,"column":37},"end":{"line":6,"column":75}}],"line":6},"2":{"loc":{"start":{"line":8,"column":18},"end":{"line":8,"column":58}},"type":"binary-expr","locations":[{"start":{"line":8,"column":18},"end":{"line":8,"column":46}},{"start":{"line":8,"column":50},"end":{"line":8,"column":58}}],"line":8},"3":{"loc":{"start":{"line":9,"column":20},"end":{"line":9,"column":66}},"type":"binary-expr","locations":[{"start":{"line":9,"column":20},"end":{"line":9,"column":60}},{"start":{"line":9,"column":64},"end":{"line":9,"column":66}}],"line":9}},"s":{"0":1,"1":1,"2":1},"f":{},"b":{"0":[1,1],"1":[1,0],"2":[1,1],"3":[1,1]},"_coverageSchema":"1a1c01bbd47fc00a2c39e90264f33305004495a9","hash":"21bba1733638e8560d8f998dda179d0aeefe7cb1"}
,"C:\\Users\\Daksh\\OneDrive\\carterA++\\src\\controllers\\connectionController.js": {"path":"C:\\Users\\Daksh\\OneDrive\\carterA++\\src\\controllers\\connectionController.js","statementMap":{"0":{"start":{"line":1,"column":19},"end":{"line":1,"column":50}},"1":{"start":{"line":2,"column":16},"end":{"line":2,"column":44}},"2":{"start":{"line":3,"column":16},"end":{"line":3,"column":44}},"3":{"start":{"line":4,"column":18},"end":{"line":4,"column":48}},"4":{"start":{"line":5,"column":16},"end":{"line":5,"column":44}},"5":{"start":{"line":7,"column":0},"end":{"line":26,"column":2}},"6":{"start":{"line":8,"column":2},"end":{"line":25,"column":3}},"7":{"start":{"line":9,"column":81},"end":{"line":9,"column":89}},"8":{"start":{"line":11,"column":23},"end":{"line":19,"column":6}},"9":{"start":{"line":21,"column":4},"end":{"line":21,"column":28}},"10":{"start":{"line":22,"column":4},"end":{"line":22,"column":87}},"11":{"start":{"line":24,"column":4},"end":{"line":24,"column":16}},"12":{"start":{"line":28,"column":0},"end":{"line":35,"column":2}},"13":{"start":{"line":29,"column":2},"end":{"line":34,"column":3}},"14":{"start":{"line":30,"column":24},"end":{"line":30,"column":47}},"15":{"start":{"line":31,"column":4},"end":{"line":31,"column":45}},"16":{"start":{"line":33,"column":4},"end":{"line":33,"column":16}},"17":{"start":{"line":37,"column":0},"end":{"line":87,"column":2}},"18":{"start":{"line":38,"column":2},"end":{"line":86,"column":3}},"19":{"start":{"line":39,"column":23},"end":{"line":39,"column":36}},"20":{"start":{"line":40,"column":21},"end":{"line":40,"column":58}},"21":{"start":{"line":41,"column":4},"end":{"line":43,"column":5}},"22":{"start":{"line":42,"column":6},"end":{"line":42,"column":85}},"23":{"start":{"line":46,"column":21},"end":{"line":46,"column":55}},"24":{"start":{"line":48,"column":21},"end":{"line":48,"column":55}},"25":{"start":{"line":50,"column":25},"end":{"line":50,"column":78}},"26":{"start":{"line":51,"column":26},"end":{"line":51,"column":80}},"27":{"start":{"line":53,"column":27},"end":{"line":53,"column":108}},"28":{"start":{"line":56,"column":22},"end":{"line":56,"column":68}},"29":{"start":{"line":56,"column":50},"end":{"line":56,"column":64}},"30":{"start":{"line":57,"column":25},"end":{"line":57,"column":52}},"31":{"start":{"line":59,"column":4},"end":{"line":83,"column":7}},"32":{"start":{"line":85,"column":4},"end":{"line":85,"column":16}}},"fnMap":{"0":{"name":"(anonymous_0)","decl":{"start":{"line":7,"column":27},"end":{"line":7,"column":28}},"loc":{"start":{"line":7,"column":53},"end":{"line":26,"column":1}},"line":7},"1":{"name":"(anonymous_1)","decl":{"start":{"line":28,"column":26},"end":{"line":28,"column":27}},"loc":{"start":{"line":28,"column":52},"end":{"line":35,"column":1}},"line":28},"2":{"name":"(anonymous_2)","decl":{"start":{"line":37,"column":29},"end":{"line":37,"column":30}},"loc":{"start":{"line":37,"column":55},"end":{"line":87,"column":1}},"line":37},"3":{"name":"(anonymous_3)","decl":{"start":{"line":56,"column":38},"end":{"line":56,"column":39}},"loc":{"start":{"line":56,"column":50},"end":{"line":56,"column":64}},"line":56}},"branchMap":{"0":{"loc":{"start":{"line":41,"column":4},"end":{"line":43,"column":5}},"type":"if","locations":[{"start":{"line":41,"column":4},"end":{"line":43,"column":5}},{"start":{},"end":{}}],"line":41},"1":{"loc":{"start":{"line":57,"column":25},"end":{"line":57,"column":52}},"type":"binary-expr","locations":[{"start":{"line":57,"column":25},"end":{"line":57,"column":47}},{"start":{"line":57,"column":51},"end":{"line":57,"column":52}}],"line":57}},"s":{"0":1,"1":1,"2":1,"3":1,"4":1,"5":1,"6":0,"7":0,"8":0,"9":0,"10":0,"11":0,"12":1,"13":0,"14":0,"15":0,"16":0,"17":1,"18":0,"19":0,"20":0,"21":0,"22":0,"23":0,"24":0,"25":0,"26":0,"27":0,"28":0,"29":0,"30":0,"31":0,"32":0},"f":{"0":0,"1":0,"2":0,"3":0},"b":{"0":[0,0],"1":[0,0]},"_coverageSchema":"1a1c01bbd47fc00a2c39e90264f33305004495a9","hash":"9d60948e8e98b11d5b8445e98c39b21da388227e"}
,"C:\\Users\\Daksh\\OneDrive\\carterA++\\src\\controllers\\healthController.js": {"path":"C:\\Users\\Daksh\\OneDrive\\carterA++\\src\\controllers\\healthController.js","statementMap":{"0":{"start":{"line":1,"column":0},"end":{"line":3,"column":2}},"1":{"start":{"line":2,"column":2},"end":{"line":2,"column":69}}},"fnMap":{"0":{"name":"(anonymous_0)","decl":{"start":{"line":1,"column":22},"end":{"line":1,"column":23}},"loc":{"start":{"line":1,"column":36},"end":{"line":3,"column":1}},"line":1}},"branchMap":{},"s":{"0":1,"1":0},"f":{"0":0},"b":{},"_coverageSchema":"1a1c01bbd47fc00a2c39e90264f33305004495a9","hash":"4e4eab272e5b4d299f25090a28b1e854b0d1d698"}
,"C:\\Users\\Daksh\\OneDrive\\carterA++\\src\\controllers\\inventoryController.js": {"path":"C:\\Users\\Daksh\\OneDrive\\carterA++\\src\\controllers\\inventoryController.js","statementMap":{"0":{"start":{"line":1,"column":18},"end":{"line":1,"column":48}},"1":{"start":{"line":2,"column":12},"end":{"line":2,"column":26}},"2":{"start":{"line":5,"column":26},"end":{"line":8,"column":2}},"3":{"start":{"line":10,"column":0},"end":{"line":26,"column":2}},"4":{"start":{"line":11,"column":20},"end":{"line":11,"column":56}},"5":{"start":{"line":12,"column":2},"end":{"line":14,"column":3}},"6":{"start":{"line":13,"column":4},"end":{"line":13,"column":114}},"7":{"start":{"line":15,"column":2},"end":{"line":25,"column":3}},"8":{"start":{"line":16,"column":32},"end":{"line":16,"column":40}},"9":{"start":{"line":17,"column":22},"end":{"line":21,"column":5}},"10":{"start":{"line":22,"column":4},"end":{"line":22,"column":69}},"11":{"start":{"line":24,"column":4},"end":{"line":24,"column":14}},"12":{"start":{"line":28,"column":0},"end":{"line":35,"column":2}},"13":{"start":{"line":29,"column":2},"end":{"line":34,"column":3}},"14":{"start":{"line":30,"column":22},"end":{"line":30,"column":46}},"15":{"start":{"line":31,"column":4},"end":{"line":31,"column":43}},"16":{"start":{"line":33,"column":4},"end":{"line":33,"column":14}},"17":{"start":{"line":39,"column":27},"end":{"line":43,"column":2}},"18":{"start":{"line":45,"column":0},"end":{"line":58,"column":2}},"19":{"start":{"line":46,"column":20},"end":{"line":46,"column":57}},"20":{"start":{"line":47,"column":2},"end":{"line":49,"column":3}},"21":{"start":{"line":48,"column":4},"end":{"line":48,"column":114}},"22":{"start":{"line":50,"column":2},"end":{"line":57,"column":3}},"23":{"start":{"line":51,"column":50},"end":{"line":51,"column":58}},"24":{"start":{"line":52,"column":22},"end":{"line":52,"column":81}},"25":{"start":{"line":53,"column":4},"end":{"line":53,"column":27}},"26":{"start":{"line":54,"column":4},"end":{"line":54,"column":83}},"27":{"start":{"line":56,"column":4},"end":{"line":56,"column":14}},"28":{"start":{"line":62,"column":31},"end":{"line":64,"column":2}},"29":{"start":{"line":67,"column":2},"end":{"line":67,"column":38}},"30":{"start":{"line":70,"column":0},"end":{"line":95,"column":2}},"31":{"start":{"line":72,"column":2},"end":{"line":74,"column":3}},"32":{"start":{"line":73,"column":4},"end":{"line":73,"column":92}},"33":{"start":{"line":76,"column":20},"end":{"line":76,"column":61}},"34":{"start":{"line":77,"column":2},"end":{"line":79,"column":3}},"35":{"start":{"line":78,"column":4},"end":{"line":78,"column":114}},"36":{"start":{"line":80,"column":2},"end":{"line":94,"column":3}},"37":{"start":{"line":81,"column":19},"end":{"line":81,"column":29}},"38":{"start":{"line":82,"column":29},"end":{"line":82,"column":37}},"39":{"start":{"line":83,"column":22},"end":{"line":87,"column":5}},"40":{"start":{"line":88,"column":4},"end":{"line":90,"column":5}},"41":{"start":{"line":89,"column":6},"end":{"line":89,"column":86}},"42":{"start":{"line":91,"column":4},"end":{"line":91,"column":74}},"43":{"start":{"line":93,"column":4},"end":{"line":93,"column":14}},"44":{"start":{"line":98,"column":0},"end":{"line":109,"column":2}},"45":{"start":{"line":99,"column":2},"end":{"line":108,"column":3}},"46":{"start":{"line":100,"column":22},"end":{"line":100,"column":46}},"47":{"start":{"line":101,"column":24},"end":{"line":104,"column":7}},"48":{"start":{"line":101,"column":47},"end":{"line":104,"column":5}},"49":{"start":{"line":105,"column":4},"end":{"line":105,"column":45}},"50":{"start":{"line":107,"column":4},"end":{"line":107,"column":14}},"51":{"start":{"line":112,"column":0},"end":{"line":119,"column":2}},"52":{"start":{"line":113,"column":2},"end":{"line":118,"column":3}},"53":{"start":{"line":114,"column":22},"end":{"line":114,"column":66}},"54":{"start":{"line":115,"column":4},"end":{"line":115,"column":51}},"55":{"start":{"line":117,"column":4},"end":{"line":117,"column":14}}},"fnMap":{"0":{"name":"(anonymous_0)","decl":{"start":{"line":10,"column":22},"end":{"line":10,"column":23}},"loc":{"start":{"line":10,"column":48},"end":{"line":26,"column":1}},"line":10},"1":{"name":"(anonymous_1)","decl":{"start":{"line":28,"column":24},"end":{"line":28,"column":25}},"loc":{"start":{"line":28,"column":50},"end":{"line":35,"column":1}},"line":28},"2":{"name":"(anonymous_2)","decl":{"start":{"line":45,"column":23},"end":{"line":45,"column":24}},"loc":{"start":{"line":45,"column":49},"end":{"line":58,"column":1}},"line":45},"3":{"name":"isValidObjectId","decl":{"start":{"line":66,"column":9},"end":{"line":66,"column":24}},"loc":{"start":{"line":66,"column":29},"end":{"line":68,"column":1}},"line":66},"4":{"name":"(anonymous_4)","decl":{"start":{"line":70,"column":27},"end":{"line":70,"column":28}},"loc":{"start":{"line":70,"column":53},"end":{"line":95,"column":1}},"line":70},"5":{"name":"(anonymous_5)","decl":{"start":{"line":98,"column":27},"end":{"line":98,"column":28}},"loc":{"start":{"line":98,"column":53},"end":{"line":109,"column":1}},"line":98},"6":{"name":"(anonymous_6)","decl":{"start":{"line":101,"column":38},"end":{"line":101,"column":39}},"loc":{"start":{"line":101,"column":47},"end":{"line":104,"column":5}},"line":101},"7":{"name":"(anonymous_7)","decl":{"start":{"line":112,"column":26},"end":{"line":112,"column":27}},"loc":{"start":{"line":112,"column":52},"end":{"line":119,"column":1}},"line":112}},"branchMap":{"0":{"loc":{"start":{"line":12,"column":2},"end":{"line":14,"column":3}},"type":"if","locations":[{"start":{"line":12,"column":2},"end":{"line":14,"column":3}},{"start":{},"end":{}}],"line":12},"1":{"loc":{"start":{"line":47,"column":2},"end":{"line":49,"column":3}},"type":"if","locations":[{"start":{"line":47,"column":2},"end":{"line":49,"column":3}},{"start":{},"end":{}}],"line":47},"2":{"loc":{"start":{"line":72,"column":2},"end":{"line":74,"column":3}},"type":"if","locations":[{"start":{"line":72,"column":2},"end":{"line":74,"column":3}},{"start":{},"end":{}}],"line":72},"3":{"loc":{"start":{"line":77,"column":2},"end":{"line":79,"column":3}},"type":"if","locations":[{"start":{"line":77,"column":2},"end":{"line":79,"column":3}},{"start":{},"end":{}}],"line":77},"4":{"loc":{"start":{"line":88,"column":4},"end":{"line":90,"column":5}},"type":"if","locations":[{"start":{"line":88,"column":4},"end":{"line":90,"column":5}},{"start":{},"end":{}}],"line":88},"5":{"loc":{"start":{"line":103,"column":40},"end":{"line":103,"column":65}},"type":"binary-expr","locations":[{"start":{"line":103,"column":40},"end":{"line":103,"column":60}},{"start":{"line":103,"column":64},"end":{"line":103,"column":65}}],"line":103}},"s":{"0":1,"1":1,"2":1,"3":1,"4":0,"5":0,"6":0,"7":0,"8":0,"9":0,"10":0,"11":0,"12":1,"13":0,"14":0,"15":0,"16":0,"17":1,"18":1,"19":0,"20":0,"21":0,"22":0,"23":0,"24":0,"25":0,"26":0,"27":0,"28":1,"29":0,"30":1,"31":0,"32":0,"33":0,"34":0,"35":0,"36":0,"37":0,"38":0,"39":0,"40":0,"41":0,"42":0,"43":0,"44":1,"45":0,"46":0,"47":0,"48":0,"49":0,"50":0,"51":1,"52":0,"53":0,"54":0,"55":0},"f":{"0":0,"1":0,"2":0,"3":0,"4":0,"5":0,"6":0,"7":0},"b":{"0":[0,0],"1":[0,0],"2":[0,0],"3":[0,0],"4":[0,0],"5":[0,0]},"_coverageSchema":"1a1c01bbd47fc00a2c39e90264f33305004495a9","hash":"08e71d0576279753935e7cd89f29e8fb49f119dd"}
,"C:\\Users\\Daksh\\OneDrive\\carterA++\\src\\controllers\\machineController.js": {"path":"C:\\Users\\Daksh\\OneDrive\\carterA++\\src\\controllers\\machineController.js","statementMap":{"0":{"start":{"line":1,"column":16},"end":{"line":1,"column":44}},"1":{"start":{"line":3,"column":0},"end":{"line":20,"column":2}},"2":{"start":{"line":4,"column":2},"end":{"line":19,"column":3}},"3":{"start":{"line":5,"column":69},"end":{"line":5,"column":77}},"4":{"start":{"line":6,"column":28},"end":{"line":6,"column":49}},"5":{"start":{"line":7,"column":4},"end":{"line":9,"column":5}},"6":{"start":{"line":8,"column":6},"end":{"line":8,"column":139}},"7":{"start":{"line":10,"column":20},"end":{"line":14,"column":5}},"8":{"start":{"line":15,"column":4},"end":{"line":15,"column":96}},"9":{"start":{"line":15,"column":18},"end":{"line":15,"column":96}},"10":{"start":{"line":16,"column":4},"end":{"line":16,"column":47}},"11":{"start":{"line":18,"column":4},"end":{"line":18,"column":14}},"12":{"start":{"line":22,"column":0},"end":{"line":30,"column":2}},"13":{"start":{"line":23,"column":2},"end":{"line":29,"column":3}},"14":{"start":{"line":24,"column":20},"end":{"line":24,"column":66}},"15":{"start":{"line":25,"column":4},"end":{"line":25,"column":96}},"16":{"start":{"line":25,"column":18},"end":{"line":25,"column":96}},"17":{"start":{"line":26,"column":4},"end":{"line":26,"column":47}},"18":{"start":{"line":28,"column":4},"end":{"line":28,"column":14}}},"fnMap":{"0":{"name":"(anonymous_0)","decl":{"start":{"line":3,"column":24},"end":{"line":3,"column":25}},"loc":{"start":{"line":3,"column":50},"end":{"line":20,"column":1}},"line":3},"1":{"name":"(anonymous_1)","decl":{"start":{"line":22,"column":24},"end":{"line":22,"column":25}},"loc":{"start":{"line":22,"column":50},"end":{"line":30,"column":1}},"line":22}},"branchMap":{"0":{"loc":{"start":{"line":7,"column":4},"end":{"line":9,"column":5}},"type":"if","locations":[{"start":{"line":7,"column":4},"end":{"line":9,"column":5}},{"start":{},"end":{}}],"line":7},"1":{"loc":{"start":{"line":7,"column":8},"end":{"line":7,"column":67}},"type":"binary-expr","locations":[{"start":{"line":7,"column":8},"end":{"line":7,"column":22}},{"start":{"line":7,"column":26},"end":{"line":7,"column":67}}],"line":7},"2":{"loc":{"start":{"line":15,"column":4},"end":{"line":15,"column":96}},"type":"if","locations":[{"start":{"line":15,"column":4},"end":{"line":15,"column":96}},{"start":{},"end":{}}],"line":15},"3":{"loc":{"start":{"line":25,"column":4},"end":{"line":25,"column":96}},"type":"if","locations":[{"start":{"line":25,"column":4},"end":{"line":25,"column":96}},{"start":{},"end":{}}],"line":25}},"s":{"0":1,"1":1,"2":0,"3":0,"4":0,"5":0,"6":0,"7":0,"8":0,"9":0,"10":0,"11":0,"12":1,"13":0,"14":0,"15":0,"16":0,"17":0,"18":0},"f":{"0":0,"1":0},"b":{"0":[0,0],"1":[0,0],"2":[0,0],"3":[0,0]},"_coverageSchema":"1a1c01bbd47fc00a2c39e90264f33305004495a9","hash":"39b227945acccb4bc754ea4e4cdd97b66925f400"}
,"C:\\Users\\Daksh\\OneDrive\\carterA++\\src\\controllers\\orderController.js": {"path":"C:\\Users\\Daksh\\OneDrive\\carterA++\\src\\controllers\\orderController.js","statementMap":{"0":{"start":{"line":1,"column":14},"end":{"line":1,"column":40}},"1":{"start":{"line":2,"column":18},"end":{"line":2,"column":48}},"2":{"start":{"line":3,"column":17},"end":{"line":3,"column":36}},"3":{"start":{"line":4,"column":29},"end":{"line":4,"column":62}},"4":{"start":{"line":6,"column":0},"end":{"line":60,"column":2}},"5":{"start":{"line":8,"column":25},"end":{"line":8,"column":56}},"6":{"start":{"line":10,"column":16},"end":{"line":10,"column":20}},"7":{"start":{"line":11,"column":2},"end":{"line":14,"column":3}},"8":{"start":{"line":12,"column":4},"end":{"line":12,"column":44}},"9":{"start":{"line":13,"column":4},"end":{"line":13,"column":31}},"10":{"start":{"line":16,"column":2},"end":{"line":59,"column":3}},"11":{"start":{"line":17,"column":35},"end":{"line":17,"column":43}},"12":{"start":{"line":20,"column":4},"end":{"line":22,"column":5}},"13":{"start":{"line":21,"column":6},"end":{"line":21,"column":90}},"14":{"start":{"line":24,"column":4},"end":{"line":26,"column":5}},"15":{"start":{"line":25,"column":6},"end":{"line":25,"column":101}},"16":{"start":{"line":28,"column":22},"end":{"line":28,"column":76}},"17":{"start":{"line":29,"column":4},"end":{"line":32,"column":5}},"18":{"start":{"line":30,"column":6},"end":{"line":30,"column":59}},"19":{"start":{"line":30,"column":26},"end":{"line":30,"column":59}},"20":{"start":{"line":31,"column":6},"end":{"line":31,"column":85}},"21":{"start":{"line":34,"column":4},"end":{"line":34,"column":32}},"22":{"start":{"line":35,"column":4},"end":{"line":35,"column":38}},"23":{"start":{"line":37,"column":18},"end":{"line":37,"column":70}},"24":{"start":{"line":38,"column":4},"end":{"line":38,"column":34}},"25":{"start":{"line":41,"column":20},"end":{"line":41,"column":107}},"26":{"start":{"line":42,"column":4},"end":{"line":42,"column":32}},"27":{"start":{"line":43,"column":4},"end":{"line":43,"column":23}},"28":{"start":{"line":45,"column":4},"end":{"line":47,"column":5}},"29":{"start":{"line":46,"column":6},"end":{"line":46,"column":40}},"30":{"start":{"line":49,"column":4},"end":{"line":49,"column":65}},"31":{"start":{"line":51,"column":4},"end":{"line":53,"column":5}},"32":{"start":{"line":52,"column":6},"end":{"line":52,"column":39}},"33":{"start":{"line":54,"column":4},"end":{"line":54,"column":14}},"34":{"start":{"line":56,"column":4},"end":{"line":58,"column":5}},"35":{"start":{"line":57,"column":6},"end":{"line":57,"column":27}},"36":{"start":{"line":62,"column":0},"end":{"line":69,"column":2}},"37":{"start":{"line":63,"column":2},"end":{"line":68,"column":3}},"38":{"start":{"line":64,"column":19},"end":{"line":64,"column":75}},"39":{"start":{"line":65,"column":4},"end":{"line":65,"column":40}},"40":{"start":{"line":67,"column":4},"end":{"line":67,"column":14}}},"fnMap":{"0":{"name":"(anonymous_0)","decl":{"start":{"line":6,"column":22},"end":{"line":6,"column":23}},"loc":{"start":{"line":6,"column":48},"end":{"line":60,"column":1}},"line":6},"1":{"name":"(anonymous_1)","decl":{"start":{"line":62,"column":21},"end":{"line":62,"column":22}},"loc":{"start":{"line":62,"column":47},"end":{"line":69,"column":1}},"line":62}},"branchMap":{"0":{"loc":{"start":{"line":11,"column":2},"end":{"line":14,"column":3}},"type":"if","locations":[{"start":{"line":11,"column":2},"end":{"line":14,"column":3}},{"start":{},"end":{}}],"line":11},"1":{"loc":{"start":{"line":20,"column":4},"end":{"line":22,"column":5}},"type":"if","locations":[{"start":{"line":20,"column":4},"end":{"line":22,"column":5}},{"start":{},"end":{}}],"line":20},"2":{"loc":{"start":{"line":20,"column":8},"end":{"line":20,"column":30}},"type":"binary-expr","locations":[{"start":{"line":20,"column":8},"end":{"line":20,"column":17}},{"start":{"line":20,"column":21},"end":{"line":20,"column":30}}],"line":20},"3":{"loc":{"start":{"line":24,"column":4},"end":{"line":26,"column":5}},"type":"if","locations":[{"start":{"line":24,"column":4},"end":{"line":26,"column":5}},{"start":{},"end":{}}],"line":24},"4":{"loc":{"start":{"line":24,"column":8},"end":{"line":24,"column":53}},"type":"binary-expr","locations":[{"start":{"line":24,"column":8},"end":{"line":24,"column":36}},{"start":{"line":24,"column":40},"end":{"line":24,"column":53}}],"line":24},"5":{"loc":{"start":{"line":29,"column":4},"end":{"line":32,"column":5}},"type":"if","locations":[{"start":{"line":29,"column":4},"end":{"line":32,"column":5}},{"start":{},"end":{}}],"line":29},"6":{"loc":{"start":{"line":29,"column":8},"end":{"line":29,"column":48}},"type":"binary-expr","locations":[{"start":{"line":29,"column":8},"end":{"line":29,"column":18}},{"start":{"line":29,"column":22},"end":{"line":29,"column":48}}],"line":29},"7":{"loc":{"start":{"line":30,"column":6},"end":{"line":30,"column":59}},"type":"if","locations":[{"start":{"line":30,"column":6},"end":{"line":30,"column":59}},{"start":{},"end":{}}],"line":30},"8":{"loc":{"start":{"line":45,"column":4},"end":{"line":47,"column":5}},"type":"if","locations":[{"start":{"line":45,"column":4},"end":{"line":47,"column":5}},{"start":{},"end":{}}],"line":45},"9":{"loc":{"start":{"line":51,"column":4},"end":{"line":53,"column":5}},"type":"if","locations":[{"start":{"line":51,"column":4},"end":{"line":53,"column":5}},{"start":{},"end":{}}],"line":51},"10":{"loc":{"start":{"line":51,"column":8},"end":{"line":51,"column":33}},"type":"binary-expr","locations":[{"start":{"line":51,"column":8},"end":{"line":51,"column":22}},{"start":{"line":51,"column":26},"end":{"line":51,"column":33}}],"line":51},"11":{"loc":{"start":{"line":56,"column":4},"end":{"line":58,"column":5}},"type":"if","locations":[{"start":{"line":56,"column":4},"end":{"line":58,"column":5}},{"start":{},"end":{}}],"line":56}},"s":{"0":1,"1":1,"2":1,"3":1,"4":1,"5":13,"6":13,"7":13,"8":0,"9":0,"10":13,"11":13,"12":13,"13":3,"14":10,"15":1,"16":9,"17":9,"18":3,"19":0,"20":3,"21":6,"22":6,"23":6,"24":6,"25":6,"26":6,"27":6,"28":6,"29":0,"30":6,"31":0,"32":0,"33":0,"34":13,"35":0,"36":1,"37":4,"38":4,"39":4,"40":0},"f":{"0":13,"1":4},"b":{"0":[0,13],"1":[3,10],"2":[13,12],"3":[1,9],"4":[10,10],"5":[3,6],"6":[9,8],"7":[0,3],"8":[0,6],"9":[0,0],"10":[0,0],"11":[0,13]},"_coverageSchema":"1a1c01bbd47fc00a2c39e90264f33305004495a9","hash":"bc9ee6342ca77049afeded18b7b5049cf16999f7"}
,"C:\\Users\\Daksh\\OneDrive\\carterA++\\src\\controllers\\paymentController.js": {"path":"C:\\Users\\Daksh\\OneDrive\\carterA++\\src\\controllers\\paymentController.js","statementMap":{"0":{"start":{"line":1,"column":16},"end":{"line":1,"column":44}},"1":{"start":{"line":3,"column":0},"end":{"line":23,"column":2}},"2":{"start":{"line":4,"column":2},"end":{"line":22,"column":3}},"3":{"start":{"line":5,"column":61},"end":{"line":5,"column":69}},"4":{"start":{"line":6,"column":29},"end":{"line":6,"column":57}},"5":{"start":{"line":7,"column":4},"end":{"line":9,"column":5}},"6":{"start":{"line":8,"column":6},"end":{"line":8,"column":135}},"7":{"start":{"line":10,"column":4},"end":{"line":12,"column":5}},"8":{"start":{"line":11,"column":6},"end":{"line":11,"column":92}},"9":{"start":{"line":13,"column":20},"end":{"line":17,"column":5}},"10":{"start":{"line":18,"column":4},"end":{"line":18,"column":96}},"11":{"start":{"line":18,"column":18},"end":{"line":18,"column":96}},"12":{"start":{"line":19,"column":4},"end":{"line":19,"column":47}},"13":{"start":{"line":21,"column":4},"end":{"line":21,"column":14}},"14":{"start":{"line":25,"column":0},"end":{"line":33,"column":2}},"15":{"start":{"line":26,"column":2},"end":{"line":32,"column":3}},"16":{"start":{"line":27,"column":20},"end":{"line":27,"column":66}},"17":{"start":{"line":28,"column":4},"end":{"line":28,"column":96}},"18":{"start":{"line":28,"column":18},"end":{"line":28,"column":96}},"19":{"start":{"line":29,"column":4},"end":{"line":29,"column":47}},"20":{"start":{"line":31,"column":4},"end":{"line":31,"column":14}}},"fnMap":{"0":{"name":"(anonymous_0)","decl":{"start":{"line":3,"column":24},"end":{"line":3,"column":25}},"loc":{"start":{"line":3,"column":50},"end":{"line":23,"column":1}},"line":3},"1":{"name":"(anonymous_1)","decl":{"start":{"line":25,"column":24},"end":{"line":25,"column":25}},"loc":{"start":{"line":25,"column":50},"end":{"line":33,"column":1}},"line":25}},"branchMap":{"0":{"loc":{"start":{"line":7,"column":4},"end":{"line":9,"column":5}},"type":"if","locations":[{"start":{"line":7,"column":4},"end":{"line":9,"column":5}},{"start":{},"end":{}}],"line":7},"1":{"loc":{"start":{"line":7,"column":8},"end":{"line":7,"column":58}},"type":"binary-expr","locations":[{"start":{"line":7,"column":8},"end":{"line":7,"column":17}},{"start":{"line":7,"column":21},"end":{"line":7,"column":58}}],"line":7},"2":{"loc":{"start":{"line":10,"column":4},"end":{"line":12,"column":5}},"type":"if","locations":[{"start":{"line":10,"column":4},"end":{"line":12,"column":5}},{"start":{},"end":{}}],"line":10},"3":{"loc":{"start":{"line":10,"column":8},"end":{"line":10,"column":42}},"type":"binary-expr","locations":[{"start":{"line":10,"column":8},"end":{"line":10,"column":28}},{"start":{"line":10,"column":32},"end":{"line":10,"column":42}}],"line":10},"4":{"loc":{"start":{"line":18,"column":4},"end":{"line":18,"column":96}},"type":"if","locations":[{"start":{"line":18,"column":4},"end":{"line":18,"column":96}},{"start":{},"end":{}}],"line":18},"5":{"loc":{"start":{"line":28,"column":4},"end":{"line":28,"column":96}},"type":"if","locations":[{"start":{"line":28,"column":4},"end":{"line":28,"column":96}},{"start":{},"end":{}}],"line":28}},"s":{"0":1,"1":1,"2":0,"3":0,"4":0,"5":0,"6":0,"7":0,"8":0,"9":0,"10":0,"11":0,"12":0,"13":0,"14":1,"15":0,"16":0,"17":0,"18":0,"19":0,"20":0},"f":{"0":0,"1":0},"b":{"0":[0,0],"1":[0,0],"2":[0,0],"3":[0,0],"4":[0,0],"5":[0,0]},"_coverageSchema":"1a1c01bbd47fc00a2c39e90264f33305004495a9","hash":"f271ccc2bff120ac78164a8ffb705d1995d7265c"}
,"C:\\Users\\Daksh\\OneDrive\\carterA++\\src\\controllers\\serviceController.js": {"path":"C:\\Users\\Daksh\\OneDrive\\carterA++\\src\\controllers\\serviceController.js","statementMap":{"0":{"start":{"line":1,"column":16},"end":{"line":1,"column":44}},"1":{"start":{"line":3,"column":0},"end":{"line":16,"column":2}},"2":{"start":{"line":4,"column":2},"end":{"line":15,"column":3}},"3":{"start":{"line":5,"column":59},"end":{"line":5,"column":67}},"4":{"start":{"line":6,"column":20},"end":{"line":10,"column":5}},"5":{"start":{"line":11,"column":4},"end":{"line":11,"column":96}},"6":{"start":{"line":11,"column":18},"end":{"line":11,"column":96}},"7":{"start":{"line":12,"column":4},"end":{"line":12,"column":47}},"8":{"start":{"line":14,"column":4},"end":{"line":14,"column":14}},"9":{"start":{"line":18,"column":0},"end":{"line":26,"column":2}},"10":{"start":{"line":19,"column":2},"end":{"line":25,"column":3}},"11":{"start":{"line":20,"column":20},"end":{"line":20,"column":66}},"12":{"start":{"line":21,"column":4},"end":{"line":21,"column":96}},"13":{"start":{"line":21,"column":18},"end":{"line":21,"column":96}},"14":{"start":{"line":22,"column":4},"end":{"line":22,"column":47}},"15":{"start":{"line":24,"column":4},"end":{"line":24,"column":14}}},"fnMap":{"0":{"name":"(anonymous_0)","decl":{"start":{"line":3,"column":24},"end":{"line":3,"column":25}},"loc":{"start":{"line":3,"column":50},"end":{"line":16,"column":1}},"line":3},"1":{"name":"(anonymous_1)","decl":{"start":{"line":18,"column":24},"end":{"line":18,"column":25}},"loc":{"start":{"line":18,"column":50},"end":{"line":26,"column":1}},"line":18}},"branchMap":{"0":{"loc":{"start":{"line":11,"column":4},"end":{"line":11,"column":96}},"type":"if","locations":[{"start":{"line":11,"column":4},"end":{"line":11,"column":96}},{"start":{},"end":{}}],"line":11},"1":{"loc":{"start":{"line":21,"column":4},"end":{"line":21,"column":96}},"type":"if","locations":[{"start":{"line":21,"column":4},"end":{"line":21,"column":96}},{"start":{},"end":{}}],"line":21}},"s":{"0":1,"1":1,"2":0,"3":0,"4":0,"5":0,"6":0,"7":0,"8":0,"9":1,"10":0,"11":0,"12":0,"13":0,"14":0,"15":0},"f":{"0":0,"1":0},"b":{"0":[0,0],"1":[0,0]},"_coverageSchema":"1a1c01bbd47fc00a2c39e90264f33305004495a9","hash":"eb85d2704a619a194122a8f16235f2b56c9ed844"}
,"C:\\Users\\Daksh\\OneDrive\\carterA++\\src\\controllers\\sparePartController.js": {"path":"C:\\Users\\Daksh\\OneDrive\\carterA++\\src\\controllers\\sparePartController.js","statementMap":{"0":{"start":{"line":1,"column":18},"end":{"line":1,"column":48}},"1":{"start":{"line":3,"column":0},"end":{"line":20,"column":2}},"2":{"start":{"line":4,"column":2},"end":{"line":19,"column":3}},"3":{"start":{"line":5,"column":31},"end":{"line":5,"column":39}},"4":{"start":{"line":6,"column":29},"end":{"line":6,"column":52}},"5":{"start":{"line":7,"column":4},"end":{"line":9,"column":5}},"6":{"start":{"line":8,"column":6},"end":{"line":8,"column":130}},"7":{"start":{"line":10,"column":18},"end":{"line":14,"column":5}},"8":{"start":{"line":15,"column":4},"end":{"line":15,"column":97}},"9":{"start":{"line":15,"column":16},"end":{"line":15,"column":97}},"10":{"start":{"line":16,"column":4},"end":{"line":16,"column":45}},"11":{"start":{"line":18,"column":4},"end":{"line":18,"column":14}},"12":{"start":{"line":22,"column":0},"end":{"line":30,"column":2}},"13":{"start":{"line":23,"column":2},"end":{"line":29,"column":3}},"14":{"start":{"line":24,"column":18},"end":{"line":24,"column":66}},"15":{"start":{"line":25,"column":4},"end":{"line":25,"column":97}},"16":{"start":{"line":25,"column":16},"end":{"line":25,"column":97}},"17":{"start":{"line":26,"column":4},"end":{"line":26,"column":45}},"18":{"start":{"line":28,"column":4},"end":{"line":28,"column":14}}},"fnMap":{"0":{"name":"(anonymous_0)","decl":{"start":{"line":3,"column":26},"end":{"line":3,"column":27}},"loc":{"start":{"line":3,"column":52},"end":{"line":20,"column":1}},"line":3},"1":{"name":"(anonymous_1)","decl":{"start":{"line":22,"column":26},"end":{"line":22,"column":27}},"loc":{"start":{"line":22,"column":52},"end":{"line":30,"column":1}},"line":22}},"branchMap":{"0":{"loc":{"start":{"line":7,"column":4},"end":{"line":9,"column":5}},"type":"if","locations":[{"start":{"line":7,"column":4},"end":{"line":9,"column":5}},{"start":{},"end":{}}],"line":7},"1":{"loc":{"start":{"line":7,"column":8},"end":{"line":7,"column":48}},"type":"binary-expr","locations":[{"start":{"line":7,"column":8},"end":{"line":7,"column":12}},{"start":{"line":7,"column":16},"end":{"line":7,"column":48}}],"line":7},"2":{"loc":{"start":{"line":15,"column":4},"end":{"line":15,"column":97}},"type":"if","locations":[{"start":{"line":15,"column":4},"end":{"line":15,"column":97}},{"start":{},"end":{}}],"line":15},"3":{"loc":{"start":{"line":25,"column":4},"end":{"line":25,"column":97}},"type":"if","locations":[{"start":{"line":25,"column":4},"end":{"line":25,"column":97}},{"start":{},"end":{}}],"line":25}},"s":{"0":1,"1":1,"2":0,"3":0,"4":0,"5":0,"6":0,"7":0,"8":0,"9":0,"10":0,"11":0,"12":1,"13":0,"14":0,"15":0,"16":0,"17":0,"18":0},"f":{"0":0,"1":0},"b":{"0":[0,0],"1":[0,0],"2":[0,0],"3":[0,0]},"_coverageSchema":"1a1c01bbd47fc00a2c39e90264f33305004495a9","hash":"93594ae100597790349f5f7ed0bf8e9a6438f092"}
,"C:\\Users\\Daksh\\OneDrive\\carterA++\\src\\controllers\\userController.js": {"path":"C:\\Users\\Daksh\\OneDrive\\carterA++\\src\\controllers\\userController.js","statementMap":{"0":{"start":{"line":1,"column":13},"end":{"line":1,"column":38}},"1":{"start":{"line":2,"column":12},"end":{"line":2,"column":35}},"2":{"start":{"line":3,"column":22},"end":{"line":3,"column":42}},"3":{"start":{"line":5,"column":0},"end":{"line":26,"column":2}},"4":{"start":{"line":6,"column":2},"end":{"line":25,"column":3}},"5":{"start":{"line":7,"column":56},"end":{"line":7,"column":64}},"6":{"start":{"line":8,"column":4},"end":{"line":10,"column":5}},"7":{"start":{"line":9,"column":6},"end":{"line":9,"column":87}},"8":{"start":{"line":11,"column":4},"end":{"line":13,"column":5}},"9":{"start":{"line":12,"column":6},"end":{"line":12,"column":87}},"10":{"start":{"line":14,"column":4},"end":{"line":16,"column":5}},"11":{"start":{"line":15,"column":6},"end":{"line":15,"column":92}},"12":{"start":{"line":17,"column":4},"end":{"line":19,"column":5}},"13":{"start":{"line":18,"column":6},"end":{"line":18,"column":84}},"14":{"start":{"line":20,"column":17},"end":{"line":20,"column":70}},"15":{"start":{"line":21,"column":4},"end":{"line":21,"column":22}},"16":{"start":{"line":22,"column":4},"end":{"line":22,"column":66}},"17":{"start":{"line":24,"column":4},"end":{"line":24,"column":14}},"18":{"start":{"line":28,"column":0},"end":{"line":46,"column":2}},"19":{"start":{"line":29,"column":2},"end":{"line":45,"column":3}},"20":{"start":{"line":30,"column":35},"end":{"line":30,"column":43}},"21":{"start":{"line":31,"column":4},"end":{"line":33,"column":5}},"22":{"start":{"line":32,"column":6},"end":{"line":32,"column":87}},"23":{"start":{"line":34,"column":4},"end":{"line":36,"column":5}},"24":{"start":{"line":35,"column":6},"end":{"line":35,"column":87}},"25":{"start":{"line":37,"column":17},"end":{"line":37,"column":49}},"26":{"start":{"line":38,"column":4},"end":{"line":38,"column":118}},"27":{"start":{"line":38,"column":15},"end":{"line":38,"column":118}},"28":{"start":{"line":39,"column":18},"end":{"line":39,"column":74}},"29":{"start":{"line":40,"column":4},"end":{"line":40,"column":119}},"30":{"start":{"line":40,"column":16},"end":{"line":40,"column":119}},"31":{"start":{"line":41,"column":18},"end":{"line":41,"column":76}},"32":{"start":{"line":42,"column":4},"end":{"line":42,"column":39}},"33":{"start":{"line":44,"column":4},"end":{"line":44,"column":14}}},"fnMap":{"0":{"name":"(anonymous_0)","decl":{"start":{"line":5,"column":19},"end":{"line":5,"column":20}},"loc":{"start":{"line":5,"column":45},"end":{"line":26,"column":1}},"line":5},"1":{"name":"(anonymous_1)","decl":{"start":{"line":28,"column":16},"end":{"line":28,"column":17}},"loc":{"start":{"line":28,"column":42},"end":{"line":46,"column":1}},"line":28}},"branchMap":{"0":{"loc":{"start":{"line":8,"column":4},"end":{"line":10,"column":5}},"type":"if","locations":[{"start":{"line":8,"column":4},"end":{"line":10,"column":5}},{"start":{},"end":{}}],"line":8},"1":{"loc":{"start":{"line":8,"column":8},"end":{"line":8,"column":75}},"type":"binary-expr","locations":[{"start":{"line":8,"column":8},"end":{"line":8,"column":17}},{"start":{"line":8,"column":21},"end":{"line":8,"column":49}},{"start":{"line":8,"column":53},"end":{"line":8,"column":75}}],"line":8},"2":{"loc":{"start":{"line":11,"column":4},"end":{"line":13,"column":5}},"type":"if","locations":[{"start":{"line":11,"column":4},"end":{"line":13,"column":5}},{"start":{},"end":{}}],"line":11},"3":{"loc":{"start":{"line":11,"column":8},"end":{"line":11,"column":75}},"type":"binary-expr","locations":[{"start":{"line":11,"column":8},"end":{"line":11,"column":17}},{"start":{"line":11,"column":21},"end":{"line":11,"column":49}},{"start":{"line":11,"column":53},"end":{"line":11,"column":75}}],"line":11},"4":{"loc":{"start":{"line":14,"column":4},"end":{"line":16,"column":5}},"type":"if","locations":[{"start":{"line":14,"column":4},"end":{"line":16,"column":5}},{"start":{},"end":{}}],"line":14},"5":{"loc":{"start":{"line":14,"column":8},"end":{"line":14,"column":87}},"type":"binary-expr","locations":[{"start":{"line":14,"column":8},"end":{"line":14,"column":21}},{"start":{"line":14,"column":25},"end":{"line":14,"column":57}},{"start":{"line":14,"column":61},"end":{"line":14,"column":87}}],"line":14},"6":{"loc":{"start":{"line":17,"column":4},"end":{"line":19,"column":5}},"type":"if","locations":[{"start":{"line":17,"column":4},"end":{"line":19,"column":5}},{"start":{},"end":{}}],"line":17},"7":{"loc":{"start":{"line":17,"column":8},"end":{"line":17,"column":66}},"type":"binary-expr","locations":[{"start":{"line":17,"column":8},"end":{"line":17,"column":14}},{"start":{"line":17,"column":18},"end":{"line":17,"column":43}},{"start":{"line":17,"column":47},"end":{"line":17,"column":66}}],"line":17},"8":{"loc":{"start":{"line":31,"column":4},"end":{"line":33,"column":5}},"type":"if","locations":[{"start":{"line":31,"column":4},"end":{"line":33,"column":5}},{"start":{},"end":{}}],"line":31},"9":{"loc":{"start":{"line":31,"column":8},"end":{"line":31,"column":75}},"type":"binary-expr","locations":[{"start":{"line":31,"column":8},"end":{"line":31,"column":17}},{"start":{"line":31,"column":21},"end":{"line":31,"column":49}},{"start":{"line":31,"column":53},"end":{"line":31,"column":75}}],"line":31},"10":{"loc":{"start":{"line":34,"column":4},"end":{"line":36,"column":5}},"type":"if","locations":[{"start":{"line":34,"column":4},"end":{"line":36,"column":5}},{"start":{},"end":{}}],"line":34},"11":{"loc":{"start":{"line":34,"column":8},"end":{"line":34,"column":75}},"type":"binary-expr","locations":[{"start":{"line":34,"column":8},"end":{"line":34,"column":17}},{"start":{"line":34,"column":21},"end":{"line":34,"column":49}},{"start":{"line":34,"column":53},"end":{"line":34,"column":75}}],"line":34},"12":{"loc":{"start":{"line":38,"column":4},"end":{"line":38,"column":118}},"type":"if","locations":[{"start":{"line":38,"column":4},"end":{"line":38,"column":118}},{"start":{},"end":{}}],"line":38},"13":{"loc":{"start":{"line":40,"column":4},"end":{"line":40,"column":119}},"type":"if","locations":[{"start":{"line":40,"column":4},"end":{"line":40,"column":119}},{"start":{},"end":{}}],"line":40}},"s":{"0":1,"1":1,"2":1,"3":1,"4":0,"5":0,"6":0,"7":0,"8":0,"9":0,"10":0,"11":0,"12":0,"13":0,"14":0,"15":0,"16":0,"17":0,"18":1,"19":0,"20":0,"21":0,"22":0,"23":0,"24":0,"25":0,"26":0,"27":0,"28":0,"29":0,"30":0,"31":0,"32":0,"33":0},"f":{"0":0,"1":0},"b":{"0":[0,0],"1":[0,0,0],"2":[0,0],"3":[0,0,0],"4":[0,0],"5":[0,0,0],"6":[0,0],"7":[0,0,0],"8":[0,0],"9":[0,0,0],"10":[0,0],"11":[0,0,0],"12":[0,0],"13":[0,0]},"_coverageSchema":"1a1c01bbd47fc00a2c39e90264f33305004495a9","hash":"7d23c0486d0b537a07ced41313c1d58e557949d3"}
,"C:\\Users\\Daksh\\OneDrive\\carterA++\\src\\middlewares\\auth.js": {"path":"C:\\Users\\Daksh\\OneDrive\\carterA++\\src\\middlewares\\auth.js","statementMap":{"0":{"start":{"line":1,"column":12},"end":{"line":1,"column":35}},"1":{"start":{"line":2,"column":22},"end":{"line":2,"column":42}},"2":{"start":{"line":6,"column":2},"end":{"line":9,"column":3}},"3":{"start":{"line":7,"column":4},"end":{"line":7,"column":54}},"4":{"start":{"line":8,"column":4},"end":{"line":8,"column":18}},"5":{"start":{"line":11,"column":21},"end":{"line":11,"column":49}},"6":{"start":{"line":12,"column":16},"end":{"line":12,"column":54}},"7":{"start":{"line":13,"column":2},"end":{"line":15,"column":3}},"8":{"start":{"line":14,"column":4},"end":{"line":14,"column":105}},"9":{"start":{"line":16,"column":2},"end":{"line":22,"column":5}},"10":{"start":{"line":17,"column":4},"end":{"line":19,"column":5}},"11":{"start":{"line":18,"column":6},"end":{"line":18,"column":100}},"12":{"start":{"line":20,"column":4},"end":{"line":20,"column":20}},"13":{"start":{"line":21,"column":4},"end":{"line":21,"column":11}},"14":{"start":{"line":25,"column":0},"end":{"line":25,"column":35}}},"fnMap":{"0":{"name":"authenticateToken","decl":{"start":{"line":4,"column":9},"end":{"line":4,"column":26}},"loc":{"start":{"line":4,"column":43},"end":{"line":23,"column":1}},"line":4},"1":{"name":"(anonymous_1)","decl":{"start":{"line":16,"column":31},"end":{"line":16,"column":32}},"loc":{"start":{"line":16,"column":46},"end":{"line":22,"column":3}},"line":16}},"branchMap":{"0":{"loc":{"start":{"line":6,"column":2},"end":{"line":9,"column":3}},"type":"if","locations":[{"start":{"line":6,"column":2},"end":{"line":9,"column":3}},{"start":{},"end":{}}],"line":6},"1":{"loc":{"start":{"line":12,"column":16},"end":{"line":12,"column":54}},"type":"binary-expr","locations":[{"start":{"line":12,"column":16},"end":{"line":12,"column":26}},{"start":{"line":12,"column":30},"end":{"line":12,"column":54}}],"line":12},"2":{"loc":{"start":{"line":13,"column":2},"end":{"line":15,"column":3}},"type":"if","locations":[{"start":{"line":13,"column":2},"end":{"line":15,"column":3}},{"start":{},"end":{}}],"line":13},"3":{"loc":{"start":{"line":17,"column":4},"end":{"line":19,"column":5}},"type":"if","locations":[{"start":{"line":17,"column":4},"end":{"line":19,"column":5}},{"start":{},"end":{}}],"line":17}},"s":{"0":1,"1":1,"2":17,"3":17,"4":17,"5":0,"6":0,"7":0,"8":0,"9":0,"10":0,"11":0,"12":0,"13":0,"14":1},"f":{"0":17,"1":0},"b":{"0":[17,0],"1":[0,0],"2":[0,0],"3":[0,0]},"_coverageSchema":"1a1c01bbd47fc00a2c39e90264f33305004495a9","hash":"b4087897fe4ad15f33e6fdc86ddcf2b7c799730e"}
,"C:\\Users\\Daksh\\OneDrive\\carterA++\\src\\middlewares\\errorHandler.js": {"path":"C:\\Users\\Daksh\\OneDrive\\carterA++\\src\\middlewares\\errorHandler.js","statementMap":{"0":{"start":{"line":2,"column":2},"end":{"line":2,"column":21}},"1":{"start":{"line":3,"column":2},"end":{"line":7,"column":5}},"2":{"start":{"line":10,"column":0},"end":{"line":10,"column":30}}},"fnMap":{"0":{"name":"errorHandler","decl":{"start":{"line":1,"column":9},"end":{"line":1,"column":21}},"loc":{"start":{"line":1,"column":43},"end":{"line":8,"column":1}},"line":1}},"branchMap":{"0":{"loc":{"start":{"line":3,"column":13},"end":{"line":3,"column":30}},"type":"binary-expr","locations":[{"start":{"line":3,"column":13},"end":{"line":3,"column":23}},{"start":{"line":3,"column":27},"end":{"line":3,"column":30}}],"line":3},"1":{"loc":{"start":{"line":5,"column":13},"end":{"line":5,"column":51}},"type":"binary-expr","locations":[{"start":{"line":5,"column":13},"end":{"line":5,"column":24}},{"start":{"line":5,"column":28},"end":{"line":5,"column":51}}],"line":5},"2":{"loc":{"start":{"line":6,"column":11},"end":{"line":6,"column":27}},"type":"binary-expr","locations":[{"start":{"line":6,"column":11},"end":{"line":6,"column":20}},{"start":{"line":6,"column":24},"end":{"line":6,"column":27}}],"line":6}},"s":{"0":0,"1":0,"2":1},"f":{"0":0},"b":{"0":[0,0],"1":[0,0],"2":[0,0]},"_coverageSchema":"1a1c01bbd47fc00a2c39e90264f33305004495a9","hash":"f911f9d8b820b2b1193ad79fcafa94c957b97b2f"}
,"C:\\Users\\Daksh\\OneDrive\\carterA++\\src\\middlewares\\notFound.js": {"path":"C:\\Users\\Daksh\\OneDrive\\carterA++\\src\\middlewares\\notFound.js","statementMap":{"0":{"start":{"line":2,"column":2},"end":{"line":2,"column":98}},"1":{"start":{"line":5,"column":0},"end":{"line":5,"column":26}}},"fnMap":{"0":{"name":"notFound","decl":{"start":{"line":1,"column":9},"end":{"line":1,"column":17}},"loc":{"start":{"line":1,"column":34},"end":{"line":3,"column":1}},"line":1}},"branchMap":{},"s":{"0":0,"1":1},"f":{"0":0},"b":{},"_coverageSchema":"1a1c01bbd47fc00a2c39e90264f33305004495a9","hash":"349e909b128fe82a7b8a62e348319de7eb25f167"}
,"C:\\Users\\Daksh\\OneDrive\\carterA++\\src\\models\\Connection.js": {"path":"C:\\Users\\Daksh\\OneDrive\\carterA++\\src\\models\\Connection.js","statementMap":{"0":{"start":{"line":1,"column":17},"end":{"line":1,"column":36}},"1":{"start":{"line":3,"column":25},"end":{"line":23,"column":2}},"2":{"start":{"line":25,"column":0},"end":{"line":25,"column":64}}},"fnMap":{},"branchMap":{},"s":{"0":1,"1":1,"2":1},"f":{},"b":{},"_coverageSchema":"1a1c01bbd47fc00a2c39e90264f33305004495a9","hash":"22f4e3d3442ba59e6f45aec6ba4b3df04e30ab5e"}
,"C:\\Users\\Daksh\\OneDrive\\carterA++\\src\\models\\Inventory.js": {"path":"C:\\Users\\Daksh\\OneDrive\\carterA++\\src\\models\\Inventory.js","statementMap":{"0":{"start":{"line":1,"column":17},"end":{"line":1,"column":36}},"1":{"start":{"line":3,"column":24},"end":{"line":7,"column":2}},"2":{"start":{"line":9,"column":0},"end":{"line":9,"column":62}}},"fnMap":{},"branchMap":{},"s":{"0":1,"1":1,"2":1},"f":{},"b":{},"_coverageSchema":"1a1c01bbd47fc00a2c39e90264f33305004495a9","hash":"b949d803cc5b56602752a777afd45179ba80fc0b"}
,"C:\\Users\\Daksh\\OneDrive\\carterA++\\src\\models\\Machine.js": {"path":"C:\\Users\\Daksh\\OneDrive\\carterA++\\src\\models\\Machine.js","statementMap":{"0":{"start":{"line":1,"column":17},"end":{"line":1,"column":36}},"1":{"start":{"line":3,"column":22},"end":{"line":9,"column":2}},"2":{"start":{"line":11,"column":0},"end":{"line":11,"column":58}}},"fnMap":{},"branchMap":{},"s":{"0":1,"1":1,"2":1},"f":{},"b":{},"_coverageSchema":"1a1c01bbd47fc00a2c39e90264f33305004495a9","hash":"097b1d05088b0d9cb1673e6759b48dedd1d1b374"}
,"C:\\Users\\Daksh\\OneDrive\\carterA++\\src\\models\\Order.js": {"path":"C:\\Users\\Daksh\\OneDrive\\carterA++\\src\\models\\Order.js","statementMap":{"0":{"start":{"line":1,"column":17},"end":{"line":1,"column":36}},"1":{"start":{"line":3,"column":20},"end":{"line":9,"column":2}},"2":{"start":{"line":11,"column":0},"end":{"line":11,"column":54}}},"fnMap":{},"branchMap":{},"s":{"0":1,"1":1,"2":1},"f":{},"b":{},"_coverageSchema":"1a1c01bbd47fc00a2c39e90264f33305004495a9","hash":"2959d761a0244012d4c986bd28f28d8ef03b7d37"}
,"C:\\Users\\Daksh\\OneDrive\\carterA++\\src\\models\\Payment.js": {"path":"C:\\Users\\Daksh\\OneDrive\\carterA++\\src\\models\\Payment.js","statementMap":{"0":{"start":{"line":1,"column":17},"end":{"line":1,"column":36}},"1":{"start":{"line":3,"column":22},"end":{"line":9,"column":2}},"2":{"start":{"line":11,"column":0},"end":{"line":11,"column":58}}},"fnMap":{},"branchMap":{},"s":{"0":1,"1":1,"2":1},"f":{},"b":{},"_coverageSchema":"1a1c01bbd47fc00a2c39e90264f33305004495a9","hash":"33e9725aac427f39c41e4482d3e9608d50302b57"}
,"C:\\Users\\Daksh\\OneDrive\\carterA++\\src\\models\\Service.js": {"path":"C:\\Users\\Daksh\\OneDrive\\carterA++\\src\\models\\Service.js","statementMap":{"0":{"start":{"line":1,"column":17},"end":{"line":1,"column":36}},"1":{"start":{"line":3,"column":22},"end":{"line":9,"column":2}},"2":{"start":{"line":11,"column":0},"end":{"line":11,"column":58}}},"fnMap":{},"branchMap":{},"s":{"0":1,"1":1,"2":1},"f":{},"b":{},"_coverageSchema":"1a1c01bbd47fc00a2c39e90264f33305004495a9","hash":"5dfaefee23b2166b4b70c114ce0933a7bd1884f2"}
,"C:\\Users\\Daksh\\OneDrive\\carterA++\\src\\models\\SparePart.js": {"path":"C:\\Users\\Daksh\\OneDrive\\carterA++\\src\\models\\SparePart.js","statementMap":{"0":{"start":{"line":1,"column":17},"end":{"line":1,"column":36}},"1":{"start":{"line":3,"column":24},"end":{"line":7,"column":2}},"2":{"start":{"line":9,"column":0},"end":{"line":9,"column":62}}},"fnMap":{},"branchMap":{},"s":{"0":1,"1":1,"2":1},"f":{},"b":{},"_coverageSchema":"1a1c01bbd47fc00a2c39e90264f33305004495a9","hash":"99722c1af250798e040ea925e4d740ac40693509"}
,"C:\\Users\\Daksh\\OneDrive\\carterA++\\src\\models\\StockMovement.js": {"path":"C:\\Users\\Daksh\\OneDrive\\carterA++\\src\\models\\StockMovement.js","statementMap":{"0":{"start":{"line":1,"column":17},"end":{"line":1,"column":36}},"1":{"start":{"line":3,"column":28},"end":{"line":9,"column":2}},"2":{"start":{"line":11,"column":0},"end":{"line":11,"column":70}}},"fnMap":{},"branchMap":{},"s":{"0":1,"1":1,"2":1},"f":{},"b":{},"_coverageSchema":"1a1c01bbd47fc00a2c39e90264f33305004495a9","hash":"ba592bba0fcdcc37c3c87582d7f46e7c58b155ef"}
,"C:\\Users\\Daksh\\OneDrive\\carterA++\\src\\models\\User.js": {"path":"C:\\Users\\Daksh\\OneDrive\\carterA++\\src\\models\\User.js","statementMap":{"0":{"start":{"line":1,"column":17},"end":{"line":1,"column":36}},"1":{"start":{"line":2,"column":15},"end":{"line":2,"column":32}},"2":{"start":{"line":3,"column":29},"end":{"line":3,"column":49}},"3":{"start":{"line":5,"column":19},"end":{"line":10,"column":2}},"4":{"start":{"line":12,"column":0},"end":{"line":16,"column":3}},"5":{"start":{"line":13,"column":2},"end":{"line":13,"column":50}},"6":{"start":{"line":13,"column":36},"end":{"line":13,"column":50}},"7":{"start":{"line":14,"column":2},"end":{"line":14,"column":69}},"8":{"start":{"line":15,"column":2},"end":{"line":15,"column":9}},"9":{"start":{"line":18,"column":0},"end":{"line":18,"column":52}}},"fnMap":{"0":{"name":"(anonymous_0)","decl":{"start":{"line":12,"column":23},"end":{"line":12,"column":24}},"loc":{"start":{"line":12,"column":44},"end":{"line":16,"column":1}},"line":12}},"branchMap":{"0":{"loc":{"start":{"line":13,"column":2},"end":{"line":13,"column":50}},"type":"if","locations":[{"start":{"line":13,"column":2},"end":{"line":13,"column":50}},{"start":{},"end":{}}],"line":13}},"s":{"0":1,"1":1,"2":1,"3":1,"4":1,"5":3,"6":0,"7":3,"8":3,"9":1},"f":{"0":3},"b":{"0":[0,3]},"_coverageSchema":"1a1c01bbd47fc00a2c39e90264f33305004495a9","hash":"4e13a98cb87a370268996c5996ca77f398f6ba09"}
,"C:\\Users\\Daksh\\OneDrive\\carterA++\\src\\routes\\connectionRoutes.js": {"path":"C:\\Users\\Daksh\\OneDrive\\carterA++\\src\\routes\\connectionRoutes.js","statementMap":{"0":{"start":{"line":1,"column":16},"end":{"line":1,"column":34}},"1":{"start":{"line":2,"column":15},"end":{"line":2,"column":31}},"2":{"start":{"line":3,"column":29},"end":{"line":3,"column":75}},"3":{"start":{"line":5,"column":0},"end":{"line":5,"column":56}},"4":{"start":{"line":6,"column":0},"end":{"line":6,"column":54}},"5":{"start":{"line":7,"column":0},"end":{"line":7,"column":68}},"6":{"start":{"line":9,"column":0},"end":{"line":9,"column":24}}},"fnMap":{},"branchMap":{},"s":{"0":1,"1":1,"2":1,"3":1,"4":1,"5":1,"6":1},"f":{},"b":{},"_coverageSchema":"1a1c01bbd47fc00a2c39e90264f33305004495a9","hash":"abe32780c7a9ae35d69c9ac5d000d5619ed6ab2f"}
,"C:\\Users\\Daksh\\OneDrive\\carterA++\\src\\routes\\healthRoutes.js": {"path":"C:\\Users\\Daksh\\OneDrive\\carterA++\\src\\routes\\healthRoutes.js","statementMap":{"0":{"start":{"line":1,"column":16},"end":{"line":1,"column":34}},"1":{"start":{"line":2,"column":15},"end":{"line":2,"column":31}},"2":{"start":{"line":3,"column":24},"end":{"line":3,"column":66}},"3":{"start":{"line":5,"column":0},"end":{"line":5,"column":29}},"4":{"start":{"line":7,"column":0},"end":{"line":7,"column":24}}},"fnMap":{},"branchMap":{},"s":{"0":1,"1":1,"2":1,"3":1,"4":1},"f":{},"b":{},"_coverageSchema":"1a1c01bbd47fc00a2c39e90264f33305004495a9","hash":"bbea7c6ecb6427e7818b1e9ef33b6556a90c78a2"}
,"C:\\Users\\Daksh\\OneDrive\\carterA++\\src\\routes\\inventoryRoutes.js": {"path":"C:\\Users\\Daksh\\OneDrive\\carterA++\\src\\routes\\inventoryRoutes.js","statementMap":{"0":{"start":{"line":1,"column":16},"end":{"line":1,"column":34}},"1":{"start":{"line":2,"column":15},"end":{"line":2,"column":31}},"2":{"start":{"line":3,"column":28},"end":{"line":3,"column":73}},"3":{"start":{"line":4,"column":26},"end":{"line":4,"column":56}},"4":{"start":{"line":6,"column":0},"end":{"line":6,"column":75}},"5":{"start":{"line":7,"column":0},"end":{"line":7,"column":70}},"6":{"start":{"line":10,"column":0},"end":{"line":10,"column":70}},"7":{"start":{"line":13,"column":0},"end":{"line":13,"column":85}},"8":{"start":{"line":16,"column":0},"end":{"line":16,"column":83}},"9":{"start":{"line":19,"column":0},"end":{"line":19,"column":78}},"10":{"start":{"line":21,"column":0},"end":{"line":21,"column":24}}},"fnMap":{},"branchMap":{},"s":{"0":1,"1":1,"2":1,"3":1,"4":1,"5":1,"6":1,"7":1,"8":1,"9":1,"10":1},"f":{},"b":{},"_coverageSchema":"1a1c01bbd47fc00a2c39e90264f33305004495a9","hash":"1b2a61bc14ae07ebef9a759ca87d5f5a33f23e27"}
,"C:\\Users\\Daksh\\OneDrive\\carterA++\\src\\routes\\machineRoutes.js": {"path":"C:\\Users\\Daksh\\OneDrive\\carterA++\\src\\routes\\machineRoutes.js","statementMap":{"0":{"start":{"line":1,"column":16},"end":{"line":1,"column":34}},"1":{"start":{"line":2,"column":15},"end":{"line":2,"column":31}},"2":{"start":{"line":3,"column":26},"end":{"line":3,"column":69}},"3":{"start":{"line":6,"column":0},"end":{"line":6,"column":52}},"4":{"start":{"line":8,"column":0},"end":{"line":8,"column":55}},"5":{"start":{"line":10,"column":0},"end":{"line":10,"column":24}}},"fnMap":{},"branchMap":{},"s":{"0":1,"1":1,"2":1,"3":1,"4":1,"5":1},"f":{},"b":{},"_coverageSchema":"1a1c01bbd47fc00a2c39e90264f33305004495a9","hash":"1ef62009c9866a074ca0ebf549bdc4b59b562ccb"}
,"C:\\Users\\Daksh\\OneDrive\\carterA++\\src\\routes\\orderRoutes.js": {"path":"C:\\Users\\Daksh\\OneDrive\\carterA++\\src\\routes\\orderRoutes.js","statementMap":{"0":{"start":{"line":1,"column":16},"end":{"line":1,"column":34}},"1":{"start":{"line":2,"column":15},"end":{"line":2,"column":31}},"2":{"start":{"line":3,"column":24},"end":{"line":3,"column":65}},"3":{"start":{"line":4,"column":26},"end":{"line":4,"column":56}},"4":{"start":{"line":6,"column":0},"end":{"line":6,"column":65}},"5":{"start":{"line":7,"column":0},"end":{"line":7,"column":63}},"6":{"start":{"line":9,"column":0},"end":{"line":9,"column":24}}},"fnMap":{},"branchMap":{},"s":{"0":1,"1":1,"2":1,"3":1,"4":1,"5":1,"6":1},"f":{},"b":{},"_coverageSchema":"1a1c01bbd47fc00a2c39e90264f33305004495a9","hash":"f2379b1af94fd57b940b59dfe74545ca316df28c"}
,"C:\\Users\\Daksh\\OneDrive\\carterA++\\src\\routes\\paymentRoutes.js": {"path":"C:\\Users\\Daksh\\OneDrive\\carterA++\\src\\routes\\paymentRoutes.js","statementMap":{"0":{"start":{"line":1,"column":16},"end":{"line":1,"column":34}},"1":{"start":{"line":2,"column":15},"end":{"line":2,"column":31}},"2":{"start":{"line":3,"column":26},"end":{"line":3,"column":69}},"3":{"start":{"line":6,"column":0},"end":{"line":6,"column":52}},"4":{"start":{"line":8,"column":0},"end":{"line":8,"column":55}},"5":{"start":{"line":10,"column":0},"end":{"line":10,"column":24}}},"fnMap":{},"branchMap":{},"s":{"0":1,"1":1,"2":1,"3":1,"4":1,"5":1},"f":{},"b":{},"_coverageSchema":"1a1c01bbd47fc00a2c39e90264f33305004495a9","hash":"37d7ba6b3b90e6b2bf4063469a1b7c9f21384a36"}
,"C:\\Users\\Daksh\\OneDrive\\carterA++\\src\\routes\\serviceRoutes.js": {"path":"C:\\Users\\Daksh\\OneDrive\\carterA++\\src\\routes\\serviceRoutes.js","statementMap":{"0":{"start":{"line":1,"column":16},"end":{"line":1,"column":34}},"1":{"start":{"line":2,"column":15},"end":{"line":2,"column":31}},"2":{"start":{"line":3,"column":26},"end":{"line":3,"column":69}},"3":{"start":{"line":6,"column":0},"end":{"line":6,"column":52}},"4":{"start":{"line":8,"column":0},"end":{"line":8,"column":55}},"5":{"start":{"line":10,"column":0},"end":{"line":10,"column":24}}},"fnMap":{},"branchMap":{},"s":{"0":1,"1":1,"2":1,"3":1,"4":1,"5":1},"f":{},"b":{},"_coverageSchema":"1a1c01bbd47fc00a2c39e90264f33305004495a9","hash":"18e13d2289508f15cfc3dd3c31f9f044b2979ed3"}
,"C:\\Users\\Daksh\\OneDrive\\carterA++\\src\\routes\\sparePartRoutes.js": {"path":"C:\\Users\\Daksh\\OneDrive\\carterA++\\src\\routes\\sparePartRoutes.js","statementMap":{"0":{"start":{"line":1,"column":16},"end":{"line":1,"column":34}},"1":{"start":{"line":2,"column":15},"end":{"line":2,"column":31}},"2":{"start":{"line":3,"column":28},"end":{"line":3,"column":73}},"3":{"start":{"line":6,"column":0},"end":{"line":6,"column":56}},"4":{"start":{"line":8,"column":0},"end":{"line":8,"column":59}},"5":{"start":{"line":10,"column":0},"end":{"line":10,"column":24}}},"fnMap":{},"branchMap":{},"s":{"0":1,"1":1,"2":1,"3":1,"4":1,"5":1},"f":{},"b":{},"_coverageSchema":"1a1c01bbd47fc00a2c39e90264f33305004495a9","hash":"dd9316b8d81da52c9f9334145f345be10f01d00e"}
,"C:\\Users\\Daksh\\OneDrive\\carterA++\\src\\routes\\userRoutes.js": {"path":"C:\\Users\\Daksh\\OneDrive\\carterA++\\src\\routes\\userRoutes.js","statementMap":{"0":{"start":{"line":1,"column":16},"end":{"line":1,"column":34}},"1":{"start":{"line":2,"column":15},"end":{"line":2,"column":31}},"2":{"start":{"line":3,"column":23},"end":{"line":3,"column":63}},"3":{"start":{"line":5,"column":0},"end":{"line":5,"column":50}},"4":{"start":{"line":6,"column":0},"end":{"line":6,"column":44}},"5":{"start":{"line":8,"column":0},"end":{"line":8,"column":24}}},"fnMap":{},"branchMap":{},"s":{"0":1,"1":1,"2":1,"3":1,"4":1,"5":1},"f":{},"b":{},"_coverageSchema":"1a1c01bbd47fc00a2c39e90264f33305004495a9","hash":"b1324ae1a718dbabf1e7c18564bd7c14aa86b888"}
}
